<?xml version="1.0" encoding="UTF-8"?>
<!-- Generated by org.testng.reporters.JUnitReportReporter -->
<testsuite hostname="DESKTOP-SSM1QIR" failures="0" tests="1" name="com.herokuapp.theinternet.NegativeTestParameters" time="17.446" errors="0" timestamp="2020-10-25T01:05:52 GMT-05:00" skipped="0">
  <testcase classname="com.herokuapp.theinternet.NegativeTestParameters" name="negativeLoginTest" time="17.446"/>
  <system-out/>
</testsuite> <!-- com.herokuapp.theinternet.NegativeTestParameters -->
