<?xml version="1.0" encoding="UTF-8"?>
<!-- Generated by org.testng.reporters.JUnitReportReporter -->
<testsuite hostname="DESKTOP-SSM1QIR" failures="0" tests="1" name="com.herokuapp.theinternet.StaleElementReferenceException" time="15.658" errors="0" timestamp="2020-10-30T01:32:13 GMT-06:00" skipped="0">
  <testcase classname="com.herokuapp.theinternet.StaleElementReferenceException" name="staleElementTest" time="15.658"/>
  <system-out/>
</testsuite> <!-- com.herokuapp.theinternet.StaleElementReferenceException -->
