<?xml version="1.0" encoding="UTF-8"?>
<!-- Generated by org.testng.reporters.JUnitReportReporter -->
<testsuite hostname="DESKTOP-SSM1QIR" failures="0" tests="2" name="com.herokuapp.theinternet.NegativeLoginTests" time="35.696" errors="0" timestamp="2020-10-25T16:55:12 GMT-06:00" skipped="0">
  <testcase classname="com.herokuapp.theinternet.NegativeLoginTests" name="negativeLoginTest" time="17.813"/>
  <system-out/>
  <testcase classname="com.herokuapp.theinternet.NegativeLoginTests" name="negativeLoginTest" time="17.883"/>
  <system-out/>
</testsuite> <!-- com.herokuapp.theinternet.NegativeLoginTests -->
