<?xml version="1.0" encoding="UTF-8"?>
<!-- Generated by org.testng.reporters.JUnitReportReporter -->
<testsuite hostname="DESKTOP-SSM1QIR" failures="0" tests="1" name="com.herokuapp.theinternet.PossitiveLoginTest" time="9.956" errors="0" timestamp="2020-10-25T16:55:12 GMT-06:00" skipped="0">
  <testcase classname="com.herokuapp.theinternet.PossitiveLoginTest" name="positiveLogingTest" time="9.956"/>
  <system-out/>
</testsuite> <!-- com.herokuapp.theinternet.PossitiveLoginTest -->
