<?xml version="1.0" encoding="UTF-8"?>
<!-- Generated by org.testng.reporters.JUnitReportReporter -->
<testsuite hostname="DESKTOP-SSM1QIR" failures="0" tests="1" name="com.herokuapp.theinternet.loginpagetest.PossitiveLoginTest" time="14.039" errors="0" timestamp="2020-11-03T00:31:23 GMT-06:00" skipped="0">
  <testcase classname="com.herokuapp.theinternet.loginpagetest.PossitiveLoginTest" name="positiveLogingTest" time="14.039"/>
  <system-out/>
</testsuite> <!-- com.herokuapp.theinternet.loginpagetest.PossitiveLoginTest -->
