<?xml version="1.0" encoding="UTF-8"?>
<!-- Generated by org.testng.reporters.JUnitReportReporter -->
<testsuite hostname="DESKTOP-SSM1QIR" failures="0" tests="2" name="com.herokuapp.theinternet.loginpagetest.NegativeLoginTests" time="42.582" errors="0" timestamp="2020-11-03T18:47:16 GMT-06:00" skipped="0">
  <testcase classname="com.herokuapp.theinternet.loginpagetest.NegativeLoginTests" name="negativeLoginTest" time="21.928"/>
  <system-out/>
  <testcase classname="com.herokuapp.theinternet.loginpagetest.NegativeLoginTests" name="negativeLoginTest" time="20.654"/>
  <system-out/>
</testsuite> <!-- com.herokuapp.theinternet.loginpagetest.NegativeLoginTests -->
