<?xml version="1.0" encoding="UTF-8"?>
<!-- Generated by org.testng.reporters.JUnitReportReporter -->
<testsuite hostname="DESKTOP-SSM1QIR" failures="0" tests="1" name="com.herokuapp.theinternet.loginpagetest.NegativeTest" time="17.822" errors="0" timestamp="2020-11-02T19:14:44 GMT-06:00" skipped="0">
  <testcase classname="com.herokuapp.theinternet.loginpagetest.NegativeTest" name="NegativeUsernameTest" time="17.822"/>
  <system-out/>
</testsuite> <!-- com.herokuapp.theinternet.loginpagetest.NegativeTest -->
