<?xml version="1.0" encoding="UTF-8"?>
<!-- Generated by org.testng.reporters.JUnitReportReporter -->
<testsuite hostname="DESKTOP-SSM1QIR" failures="0" tests="4" name="com.herokuapp.theinternet.NegativeTest" time="72.177" errors="0" timestamp="2020-11-02T12:54:39 GMT-06:00" skipped="0">
  <testcase classname="com.herokuapp.theinternet.NegativeTest" name="NegativeUsernameTest" time="18.234"/>
  <system-out/>
  <testcase classname="com.herokuapp.theinternet.NegativeTest" name="NegativeUsernameTest" time="17.393"/>
  <system-out/>
  <testcase classname="com.herokuapp.theinternet.NegativeTest" name="NegativePasswordTest" time="18.435"/>
  <system-out/>
  <testcase classname="com.herokuapp.theinternet.NegativeTest" name="NegativePasswordTest" time="18.115"/>
  <system-out/>
</testsuite> <!-- com.herokuapp.theinternet.NegativeTest -->
