<?xml version="1.0" encoding="UTF-8"?>
<!-- Generated by org.testng.reporters.JUnitReportReporter -->
<testsuite hostname="DESKTOP-SSM1QIR" failures="0" tests="1" name="com.herokuapp.theinternet.NegativePassword" time="0.009" errors="0" timestamp="2020-10-19T22:38:04 GMT-05:00" skipped="0">
  <testcase classname="com.herokuapp.theinternet.NegativePassword" name="f" time="0.009"/>
  <system-out/>
</testsuite> <!-- com.herokuapp.theinternet.NegativePassword -->
