<?xml version="1.0" encoding="UTF-8"?>
<!-- Generated by org.testng.reporters.JUnitReportReporter -->
<testsuite hostname="DESKTOP-SSM1QIR" failures="0" tests="1" name="com.herokuapp.theinternet.NotSuchElementException" time="16.109" errors="0" timestamp="2020-10-29T23:32:30 GMT-06:00" skipped="0">
  <testcase classname="com.herokuapp.theinternet.NotSuchElementException" name="notSuchElementException" time="16.109"/>
  <system-out/>
</testsuite> <!-- com.herokuapp.theinternet.NotSuchElementException -->
