<?xml version="1.0" encoding="UTF-8"?>
<!-- Generated by org.testng.reporters.JUnitReportReporter -->
<testsuite hostname="DESKTOP-SSM1QIR" failures="0" tests="1" name="com.herokuapp.theinternet.loginpagetest.PossitiveLoginTest" time="11.587" errors="0" timestamp="2020-11-02T23:35:24 GMT-06:00" skipped="0">
  <testcase classname="com.herokuapp.theinternet.loginpagetest.PossitiveLoginTest" name="positiveLogingTest" time="11.587"/>
  <system-out/>
</testsuite> <!-- com.herokuapp.theinternet.loginpagetest.PossitiveLoginTest -->
