<?xml version="1.0" encoding="UTF-8"?>
<!-- Generated by org.testng.reporters.JUnitReportReporter -->
<testsuite hostname="DESKTOP-SSM1QIR" failures="0" tests="2" name="com.herokuapp.theinternet.loginpagetest.NegativeTest" time="37.048" errors="0" timestamp="2020-11-02T00:47:13 GMT-06:00" skipped="0">
  <testcase classname="com.herokuapp.theinternet.loginpagetest.NegativeTest" name="NegativeUsernameTest" time="17.032"/>
  <system-out/>
  <testcase classname="com.herokuapp.theinternet.loginpagetest.NegativeTest" name="NegativePasswordTest" time="20.016"/>
  <system-out/>
</testsuite> <!-- com.herokuapp.theinternet.loginpagetest.NegativeTest -->
