<?xml version="1.0" encoding="UTF-8"?>
<!-- Generated by org.testng.reporters.JUnitReportReporter -->
<testsuite hostname="DESKTOP-SSM1QIR" failures="0" tests="1" name="com.herokuapp.theinternet.PossitiveTest" time="12.535" errors="0" timestamp="2020-10-19T22:46:15 GMT-05:00" skipped="0">
  <testcase classname="com.herokuapp.theinternet.PossitiveTest" name="logingTest" time="12.535"/>
  <system-out/>
</testsuite> <!-- com.herokuapp.theinternet.PossitiveTest -->
